[SYS] 2024/10/28 - 00:39:38 | One API v0.6.7 started 
[SYS] 2024/10/28 - 00:39:38 | using MySQL as database 
[FATAL] 2024/10/28 - 00:39:38 | [dial tcp 172.18.0.6:3306: connect: connection refused] 
[SYS] 2024/10/28 - 00:39:39 | One API v0.6.7 started 
[SYS] 2024/10/28 - 00:39:39 | using MySQL as database 
[FATAL] 2024/10/28 - 00:39:39 | [dial tcp 172.18.0.6:3306: connect: connection refused] 
[SYS] 2024/10/28 - 00:39:40 | One API v0.6.7 started 
[SYS] 2024/10/28 - 00:39:40 | using MySQL as database 
[FATAL] 2024/10/28 - 00:39:40 | [dial tcp 172.18.0.6:3306: connect: connection refused] 
[SYS] 2024/10/28 - 00:39:41 | One API v0.6.7 started 
[SYS] 2024/10/28 - 00:39:41 | using MySQL as database 
[FATAL] 2024/10/28 - 00:39:41 | [dial tcp 172.18.0.6:3306: connect: connection refused] 
[SYS] 2024/10/28 - 00:39:42 | One API v0.6.7 started 
[SYS] 2024/10/28 - 00:39:42 | using MySQL as database 
[FATAL] 2024/10/28 - 00:39:42 | [dial tcp 172.18.0.6:3306: connect: connection refused] 
[SYS] 2024/10/28 - 00:39:44 | One API v0.6.7 started 
[SYS] 2024/10/28 - 00:39:44 | using MySQL as database 
[SYS] 2024/10/28 - 00:39:44 | database migration started 
[SYS] 2024/10/28 - 00:39:45 | database migrated 
[SYS] 2024/10/28 - 00:39:45 | REDIS_CONN_STRING not set, Redis is not enabled 
[SYS] 2024/10/28 - 00:39:45 | using theme default 
[SYS] 2024/10/28 - 00:39:45 | memory cache enabled 
[SYS] 2024/10/28 - 00:39:45 | sync frequency: 600 seconds 
[SYS] 2024/10/28 - 00:39:45 | channels synced from database 
[SYS] 2024/10/28 - 00:39:45 | batch update enabled with interval 10s 
[SYS] 2024/10/28 - 00:39:45 | initializing token encoders 
[SYS] 2024/10/28 - 00:39:46 | token encoders initialized 
[SYS] 2024/10/28 - 00:39:46 | server started on http://localhost:3000 
[SYS] 2024/10/28 - 00:39:55 | batch update started 
[SYS] 2024/10/28 - 00:39:55 | batch update finished 
[SYS] 2024/10/28 - 00:40:05 | batch update started 
[SYS] 2024/10/28 - 00:40:05 | batch update finished 
[SYS] 2024/10/28 - 00:40:15 | batch update started 
[SYS] 2024/10/28 - 00:40:15 | batch update finished 
[SYS] 2024/10/28 - 00:43:19 | batch update started 
[SYS] 2024/10/28 - 00:43:20 | batch update finished 
[SYS] 2024/10/28 - 00:43:30 | batch update started 
[SYS] 2024/10/28 - 00:43:30 | batch update finished 
[SYS] 2024/10/28 - 01:15:21 | syncing channels from database 
[SYS] 2024/10/28 - 01:15:21 | batch update started 
[SYS] 2024/10/28 - 01:15:22 | batch update finished 
[SYS] 2024/10/28 - 01:15:21 | syncing options from database 
[SYS] 2024/10/28 - 01:15:22 | channels synced from database 
[SYS] 2024/10/28 - 01:15:32 | batch update started 
[SYS] 2024/10/28 - 01:15:32 | batch update finished 
[SYS] 2024/10/28 - 01:15:42 | batch update started 
[SYS] 2024/10/28 - 01:15:42 | batch update finished 
[SYS] 2024/10/28 - 01:15:53 | batch update started 
[SYS] 2024/10/28 - 01:15:53 | batch update finished 
[SYS] 2024/10/28 - 01:16:03 | batch update started 
[SYS] 2024/10/28 - 01:16:03 | batch update finished 
[SYS] 2024/10/28 - 01:16:13 | batch update started 
[SYS] 2024/10/28 - 01:16:13 | batch update finished 
[SYS] 2024/10/28 - 01:16:23 | batch update started 
[SYS] 2024/10/28 - 01:16:23 | batch update finished 
[SYS] 2024/10/28 - 01:16:33 | batch update started 
[SYS] 2024/10/28 - 01:16:33 | batch update finished 
[SYS] 2024/10/28 - 01:16:43 | batch update started 
[SYS] 2024/10/28 - 01:16:43 | batch update finished 
[SYS] 2024/10/28 - 01:16:53 | batch update started 
[SYS] 2024/10/28 - 01:16:53 | batch update finished 
[SYS] 2024/10/28 - 01:17:03 | batch update started 
[SYS] 2024/10/28 - 01:17:03 | batch update finished 
[SYS] 2024/10/28 - 01:17:13 | batch update started 
[SYS] 2024/10/28 - 01:17:13 | batch update finished 
[SYS] 2024/10/28 - 01:17:23 | batch update started 
[SYS] 2024/10/28 - 01:17:23 | batch update finished 
[SYS] 2024/10/28 - 01:17:33 | batch update started 
[SYS] 2024/10/28 - 01:17:33 | batch update finished 
[SYS] 2024/10/28 - 01:17:43 | batch update started 
[SYS] 2024/10/28 - 01:17:43 | batch update finished 
[SYS] 2024/10/28 - 01:17:53 | batch update started 
[SYS] 2024/10/28 - 01:17:53 | batch update finished 
[SYS] 2024/10/28 - 01:18:03 | batch update started 
[SYS] 2024/10/28 - 01:18:03 | batch update finished 
[SYS] 2024/10/28 - 01:18:13 | batch update started 
[SYS] 2024/10/28 - 01:18:13 | batch update finished 
[SYS] 2024/10/28 - 01:18:23 | batch update started 
[SYS] 2024/10/28 - 01:18:23 | batch update finished 
[SYS] 2024/10/28 - 01:18:33 | batch update started 
[SYS] 2024/10/28 - 01:18:33 | batch update finished 
[SYS] 2024/10/28 - 01:18:43 | batch update started 
[SYS] 2024/10/28 - 01:18:43 | batch update finished 
[SYS] 2024/10/28 - 01:18:53 | batch update started 
[SYS] 2024/10/28 - 01:18:53 | batch update finished 
[SYS] 2024/10/28 - 01:19:03 | batch update started 
[SYS] 2024/10/28 - 01:19:03 | batch update finished 
[SYS] 2024/10/28 - 01:19:13 | batch update started 
[SYS] 2024/10/28 - 01:19:13 | batch update finished 
[SYS] 2024/10/28 - 01:19:23 | batch update started 
[SYS] 2024/10/28 - 01:19:23 | batch update finished 
[SYS] 2024/10/28 - 01:19:33 | batch update started 
[SYS] 2024/10/28 - 01:19:33 | batch update finished 
[SYS] 2024/10/28 - 01:19:43 | batch update started 
[SYS] 2024/10/28 - 01:19:43 | batch update finished 
[SYS] 2024/10/28 - 01:19:53 | batch update started 
[SYS] 2024/10/28 - 01:19:53 | batch update finished 
[SYS] 2024/10/28 - 01:20:03 | batch update started 
[SYS] 2024/10/28 - 01:20:03 | batch update finished 
[SYS] 2024/10/28 - 01:20:13 | batch update started 
[SYS] 2024/10/28 - 01:20:13 | batch update finished 
[SYS] 2024/10/28 - 01:20:23 | batch update started 
[SYS] 2024/10/28 - 01:20:23 | batch update finished 
[SYS] 2024/10/28 - 01:20:33 | batch update started 
[SYS] 2024/10/28 - 01:20:33 | batch update finished 
[SYS] 2024/10/28 - 01:20:43 | batch update started 
[SYS] 2024/10/28 - 01:20:43 | batch update finished 
[SYS] 2024/10/28 - 01:20:53 | batch update started 
[SYS] 2024/10/28 - 01:20:53 | batch update finished 
[SYS] 2024/10/28 - 01:21:03 | batch update started 
[SYS] 2024/10/28 - 01:21:03 | batch update finished 
[SYS] 2024/10/28 - 01:21:13 | batch update started 
[SYS] 2024/10/28 - 01:21:13 | batch update finished 
[SYS] 2024/10/28 - 01:21:23 | batch update started 
[SYS] 2024/10/28 - 01:21:23 | batch update finished 
[SYS] 2024/10/28 - 01:21:33 | batch update started 
[SYS] 2024/10/28 - 01:21:33 | batch update finished 
[SYS] 2024/10/28 - 01:21:43 | batch update started 
[SYS] 2024/10/28 - 01:21:43 | batch update finished 
[SYS] 2024/10/28 - 01:21:53 | batch update started 
[SYS] 2024/10/28 - 01:21:53 | batch update finished 
[SYS] 2024/10/28 - 01:22:03 | batch update started 
[SYS] 2024/10/28 - 01:22:03 | batch update finished 
[SYS] 2024/10/28 - 01:22:13 | batch update started 
[SYS] 2024/10/28 - 01:22:13 | batch update finished 
[SYS] 2024/10/28 - 01:22:23 | batch update started 
[SYS] 2024/10/28 - 01:22:23 | batch update finished 
[SYS] 2024/10/28 - 01:22:33 | batch update started 
[SYS] 2024/10/28 - 01:22:33 | batch update finished 
[SYS] 2024/10/28 - 01:22:43 | batch update started 
[SYS] 2024/10/28 - 01:22:43 | batch update finished 
[SYS] 2024/10/28 - 01:22:53 | batch update started 
[SYS] 2024/10/28 - 01:22:53 | batch update finished 
[SYS] 2024/10/28 - 01:23:03 | batch update started 
[SYS] 2024/10/28 - 01:23:03 | batch update finished 
[SYS] 2024/10/28 - 01:23:13 | batch update started 
[SYS] 2024/10/28 - 01:23:13 | batch update finished 
[SYS] 2024/10/28 - 01:23:23 | batch update started 
[SYS] 2024/10/28 - 01:23:23 | batch update finished 
[SYS] 2024/10/28 - 01:23:33 | batch update started 
[SYS] 2024/10/28 - 01:23:33 | batch update finished 
[SYS] 2024/10/28 - 01:23:43 | batch update started 
[SYS] 2024/10/28 - 01:23:43 | batch update finished 
[SYS] 2024/10/28 - 01:23:53 | batch update started 
[SYS] 2024/10/28 - 01:23:53 | batch update finished 
[SYS] 2024/10/28 - 01:24:03 | batch update started 
[SYS] 2024/10/28 - 01:24:03 | batch update finished 
[SYS] 2024/10/28 - 01:24:13 | batch update started 
[SYS] 2024/10/28 - 01:24:13 | batch update finished 
[SYS] 2024/10/28 - 01:24:23 | batch update started 
[SYS] 2024/10/28 - 01:24:23 | batch update finished 
[SYS] 2024/10/28 - 01:24:33 | batch update started 
[SYS] 2024/10/28 - 01:24:33 | batch update finished 
[SYS] 2024/10/28 - 01:24:43 | batch update started 
[SYS] 2024/10/28 - 01:24:43 | batch update finished 
[SYS] 2024/10/28 - 01:24:53 | batch update started 
[SYS] 2024/10/28 - 01:24:53 | batch update finished 
[SYS] 2024/10/28 - 01:25:03 | batch update started 
[SYS] 2024/10/28 - 01:25:03 | batch update finished 
[SYS] 2024/10/28 - 01:25:13 | batch update started 
[SYS] 2024/10/28 - 01:25:13 | batch update finished 
[SYS] 2024/10/28 - 01:25:23 | syncing options from database 
[SYS] 2024/10/28 - 01:25:23 | syncing channels from database 
[SYS] 2024/10/28 - 01:25:23 | channels synced from database 
[SYS] 2024/10/28 - 01:25:23 | batch update started 
[SYS] 2024/10/28 - 01:25:23 | batch update finished 
[SYS] 2024/10/28 - 01:25:33 | batch update started 
[SYS] 2024/10/28 - 01:25:33 | batch update finished 
[SYS] 2024/10/28 - 01:25:43 | batch update started 
[SYS] 2024/10/28 - 01:25:43 | batch update finished 
[SYS] 2024/10/28 - 01:25:53 | batch update started 
[SYS] 2024/10/28 - 01:25:53 | batch update finished 
[SYS] 2024/10/28 - 01:26:03 | batch update started 
[SYS] 2024/10/28 - 01:26:03 | batch update finished 
[SYS] 2024/10/28 - 01:26:13 | batch update started 
[SYS] 2024/10/28 - 01:26:13 | batch update finished 
[SYS] 2024/10/28 - 01:26:23 | batch update started 
[SYS] 2024/10/28 - 01:26:23 | batch update finished 
[SYS] 2024/10/28 - 01:26:33 | batch update started 
[SYS] 2024/10/28 - 01:26:33 | batch update finished 
[SYS] 2024/10/28 - 01:26:43 | batch update started 
[SYS] 2024/10/28 - 01:26:43 | batch update finished 
[SYS] 2024/10/28 - 01:26:53 | batch update started 
[SYS] 2024/10/28 - 01:26:53 | batch update finished 
[SYS] 2024/10/28 - 01:27:03 | batch update started 
[SYS] 2024/10/28 - 01:27:03 | batch update finished 
[SYS] 2024/10/28 - 01:27:13 | batch update started 
[SYS] 2024/10/28 - 01:27:13 | batch update finished 
[SYS] 2024/10/28 - 01:27:23 | batch update started 
[SYS] 2024/10/28 - 01:27:23 | batch update finished 
[SYS] 2024/10/28 - 01:27:33 | batch update started 
[SYS] 2024/10/28 - 01:27:33 | batch update finished 
